<?xml version="1.0" encoding="UTF-8"?>
<!-- Generated by org.testng.reporters.JUnitReportReporter -->
<testsuite hostname="DESKTOP-4JKAPDL" failures="0" tests="2" name="BanjaraRide.BanjaraRide" time="56.029" errors="0" timestamp="2023-01-27T22:22:34 IST" skipped="1">
  <testcase classname="BanjaraRide.BanjaraRide" name="Bookings_CallUs" time="56.029"/>
  <system-out/>
  <testcase classname="BanjaraRide.BanjaraRide" name="BookNow">
    <skipped/>
  </testcase> <!-- BookNow -->
  <system-out/>
</testsuite> <!-- BanjaraRide.BanjaraRide -->
